<?xml version="1.0" encoding="UTF-8"?>
<!-- Generated by org.testng.reporters.JUnitReportReporter -->
<testsuite hostname="Yatharth" failures="0" tests="1" name="com.selenium.tests.LoginTest" time="0.450" errors="0" timestamp="2025-04-14T15:31:53 IST" skipped="0">
  <testcase classname="com.selenium.tests.LoginTest" name="testLogin" time="0.450"/>
  <system-out/>
</testsuite> <!-- com.selenium.tests.LoginTest -->
